Here's a list of the Top 10 Government Exams in India that have written tests only (or primarily written tests), offer high salaries, and include age limits. These exams are popular due to job security, pay scale, and social prestige.

✅ Top 10 Government Exams (Written Test Only, High Salary)
S.No.	Exam Name	Conducting Body	Basic Salary Range	Age Limit
1	UPSC Civil Services Exam (IAS, IPS, IFS)	UPSC	₹56,100 – ₹2,50,000+	21 – 32 years (General)
2	Indian Forest Service (IFoS)	UPSC	₹56,100 – ₹2,25,000+	21 – 32 years (General)
3	Indian Economic Service (IES)	UPSC	₹56,100 – ₹2,00,000	21 – 30 years
4	RBI Grade B Officer	Reserve Bank of India	₹83,000 – ₹1,50,000 (approx)	21 – 30 years (General)
5	SEBI Grade A Officer	SEBI	₹1,15,000 (CTC)	21 – 30 years
6	NABARD Grade A/B Officer	NABARD	₹62,600 – ₹1,20,000+	21 – 30 years
7	SSC CGL (Income Tax, Excise, MEA etc.)	SSC	₹44,900 – ₹1,42,400	18 – 32 years (varies by post)
8	EPFO Enforcement/Accounts Officer (EO/AO)	UPSC	₹53,000 – ₹1,42,000	21 – 30 years
9	ISRO Scientist/Engineer – SC	ISRO	₹56,100 + allowances	18 – 35 years
10	DRDO Scientist ‘B’ through GATE/Exam	DRDO	₹56,100 + allowances	Up to 28 years (General)
📌 Notes:

Written test only: These exams either have only written stages or primarily written + document verification. Some may include interviews but are still largely written-focused.

Salary includes basic pay + allowances. Actual in-hand may vary.

Age limits are for General category. OBC, SC/ST, PwD, and Ex-servicemen have relaxations.

📝 Exams with No Physical Tests:

All the exams listed above do not require physical fitness/medical tests, except:

IAS/IPS (medical test for IPS/IFS)

IFoS (physical standards required)

If you want absolutely no interview, you may prefer:

SSC CGL

EPFO EO/AO

ISRO Scientist

DRDO Scientist

RBI Assistant (not in top 10 due to lower pay)

Would you like me to filter this list for:

No Interview at all?

Specific education qualifications (e.g., BTech, BCom)?

Posts with early promotion or foreign posting?

Let me know and I can refine the list for you.

Attach